<?xml version="1.0" encoding="utf-8"?><testsuites name="pytest tests"><testsuite name="pytest" errors="0" failures="0" skipped="0" tests="28" time="25.861" timestamp="2026-04-25T22:57:15.759559+00:00" hostname="agent-env-246308eb-b5df-4059-913e-47849e2b6c7d"><testcase classname="backend.tests.test_finpilot_api" name="test_signup_creates_user_and_seeds" time="0.993" /><testcase classname="backend.tests.test_finpilot_api" name="test_login_success" time="0.367" /><testcase classname="backend.tests.test_finpilot_api" name="test_login_bad_creds" time="0.336" /><testcase classname="backend.tests.test_finpilot_api" name="test_signup_duplicate_email" time="0.294" /><testcase classname="backend.tests.test_finpilot_api" name="test_me_with_token" time="0.110" /><testcase classname="backend.tests.test_finpilot_api" name="test_protected_no_token" time="0.114" /><testcase classname="backend.tests.test_finpilot_api" name="test_protected_invalid_token" time="0.108" /><testcase classname="backend.tests.test_finpilot_api" name="test_onboarding_complete" time="0.237" /><testcase classname="backend.tests.test_finpilot_api" name="test_accounts_crud" time="0.999" /><testcase classname="backend.tests.test_finpilot_api" name="test_transactions_crud" time="0.216" /><testcase classname="backend.tests.test_finpilot_api" name="test_goals_crud" time="0.221" /><testcase classname="backend.tests.test_finpilot_api" name="test_budget_update" time="0.217" /><testcase classname="backend.tests.test_finpilot_api" name="test_networth_shape" time="0.106" /><testcase classname="backend.tests.test_finpilot_api" name="test_spend_analysis_shape" time="0.113" /><testcase classname="backend.tests.test_finpilot_api" name="test_recommendations" time="0.114" /><testcase classname="backend.tests.test_finpilot_api" name="test_ai_chat_claude_and_history" time="12.303" /><testcase classname="backend.tests.test_finpilot_api" name="test_ai_chat_gpt" time="6.947" /><testcase classname="backend.tests.test_finpilot_api" name="test_holdings_shape" time="0.126" /><testcase classname="backend.tests.test_finpilot_api" name="test_holdings_recommendations" time="0.118" /><testcase classname="backend.tests.test_finpilot_api" name="test_holdings_no_auth" time="0.232" /><testcase classname="backend.tests.test_finpilot_api" name="test_cibil_shape" time="0.107" /><testcase classname="backend.tests.test_finpilot_api" name="test_cibil_no_auth" time="0.103" /><testcase classname="backend.tests.test_finpilot_api" name="test_upcoming_transactions" time="0.112" /><testcase classname="backend.tests.test_finpilot_api" name="test_upcoming_no_auth" time="0.101" /><testcase classname="backend.tests.test_finpilot_api" name="test_budget_auto" time="0.118" /><testcase classname="backend.tests.test_finpilot_api" name="test_budget_auto_no_auth" time="0.109" /><testcase classname="backend.tests.test_finpilot_api" name="test_milestones_default_seed_and_crud" time="0.555" /><testcase classname="backend.tests.test_finpilot_api" name="test_milestones_no_auth" time="0.113" /></testsuite></testsuites>