<?xml version="1.0" encoding="utf-8"?><testsuites name="pytest tests"><testsuite name="pytest" errors="0" failures="0" skipped="0" tests="45" time="59.454" timestamp="2026-04-25T23:27:14.110198+00:00" hostname="agent-env-246308eb-b5df-4059-913e-47849e2b6c7d"><testcase classname="backend.tests.test_finpilot_api" name="test_signup_creates_user_and_seeds" time="32.694" /><testcase classname="backend.tests.test_finpilot_api" name="test_login_success" time="0.342" /><testcase classname="backend.tests.test_finpilot_api" name="test_login_bad_creds" time="0.344" /><testcase classname="backend.tests.test_finpilot_api" name="test_signup_duplicate_email" time="0.131" /><testcase classname="backend.tests.test_finpilot_api" name="test_me_with_token" time="0.147" /><testcase classname="backend.tests.test_finpilot_api" name="test_protected_no_token" time="0.127" /><testcase classname="backend.tests.test_finpilot_api" name="test_protected_invalid_token" time="0.149" /><testcase classname="backend.tests.test_finpilot_api" name="test_onboarding_complete" time="0.233" /><testcase classname="backend.tests.test_finpilot_api" name="test_accounts_crud" time="0.487" /><testcase classname="backend.tests.test_finpilot_api" name="test_transactions_crud" time="0.217" /><testcase classname="backend.tests.test_finpilot_api" name="test_goals_crud" time="0.237" /><testcase classname="backend.tests.test_finpilot_api" name="test_budget_update" time="0.292" /><testcase classname="backend.tests.test_finpilot_api" name="test_networth_shape" time="0.127" /><testcase classname="backend.tests.test_finpilot_api" name="test_spend_analysis_shape" time="0.120" /><testcase classname="backend.tests.test_finpilot_api" name="test_recommendations" time="0.112" /><testcase classname="backend.tests.test_finpilot_api" name="test_ai_chat_claude_and_history" time="11.774" /><testcase classname="backend.tests.test_finpilot_api" name="test_ai_chat_gpt" time="7.918" /><testcase classname="backend.tests.test_finpilot_api" name="test_holdings_shape" time="0.120" /><testcase classname="backend.tests.test_finpilot_api" name="test_holdings_recommendations" time="0.111" /><testcase classname="backend.tests.test_finpilot_api" name="test_holdings_no_auth" time="0.266" /><testcase classname="backend.tests.test_finpilot_api" name="test_cibil_shape" time="0.117" /><testcase classname="backend.tests.test_finpilot_api" name="test_cibil_no_auth" time="0.106" /><testcase classname="backend.tests.test_finpilot_api" name="test_upcoming_transactions" time="0.110" /><testcase classname="backend.tests.test_finpilot_api" name="test_upcoming_no_auth" time="0.115" /><testcase classname="backend.tests.test_finpilot_api" name="test_budget_auto" time="0.118" /><testcase classname="backend.tests.test_finpilot_api" name="test_budget_auto_no_auth" time="0.112" /><testcase classname="backend.tests.test_finpilot_api" name="test_milestones_default_seed_and_crud" time="0.567" /><testcase classname="backend.tests.test_finpilot_api" name="test_super_chart_lifetime" time="0.110" /><testcase classname="backend.tests.test_finpilot_api" name="test_super_chart_1y_shorter_points" time="0.104" /><testcase classname="backend.tests.test_finpilot_api" name="test_super_chart_inflation_reduces_values" time="0.225" /><testcase classname="backend.tests.test_finpilot_api" name="test_super_chart_no_auth" time="0.095" /><testcase classname="backend.tests.test_finpilot_api" name="test_allocation_default" time="0.107" /><testcase classname="backend.tests.test_finpilot_api" name="test_allocation_aggressive_profile" time="0.115" /><testcase classname="backend.tests.test_finpilot_api" name="test_allocation_no_auth" time="0.102" /><testcase classname="backend.tests.test_finpilot_api" name="test_bonds_list" time="0.107" /><testcase classname="backend.tests.test_finpilot_api" name="test_bonds_no_auth" time="0.113" /><testcase classname="backend.tests.test_finpilot_api" name="test_mutual_funds_top" time="0.104" /><testcase classname="backend.tests.test_finpilot_api" name="test_mutual_funds_no_auth" time="0.106" /><testcase classname="backend.tests.test_finpilot_api" name="test_precious_metals" time="0.114" /><testcase classname="backend.tests.test_finpilot_api" name="test_precious_metals_no_auth" time="0.120" /><testcase classname="backend.tests.test_finpilot_api" name="test_xirr_analytics" time="0.096" /><testcase classname="backend.tests.test_finpilot_api" name="test_xirr_no_auth" time="0.113" /><testcase classname="backend.tests.test_finpilot_api" name="test_goals_seeded_with_tiers" time="0.108" /><testcase classname="backend.tests.test_finpilot_api" name="test_milestones_seeded_at_signup_iter3" time="0.103" /><testcase classname="backend.tests.test_finpilot_api" name="test_milestones_no_auth" time="0.122" /></testsuite></testsuites>